2020-04-10 19:27:06,266 [Worker-0: Loading available Gradle versions] INFO  o.e.b.c.i.u.g.PublishedGradleVersions - Gradle version information cache is up-to-date. Trying to read.
2020-04-11 21:18:09,671 [Worker-1: Loading available Gradle versions] INFO  o.e.b.c.i.u.g.PublishedGradleVersions - Gradle version information cache is up-to-date. Trying to read.
2020-04-13 10:15:37,512 [Worker-12: Loading available Gradle versions] INFO  o.e.b.c.i.u.g.PublishedGradleVersions - Gradle version information cache is out-of-date. Trying to update.
2020-04-14 13:14:37,974 [Worker-15: Loading available Gradle versions] INFO  o.e.b.c.i.u.g.PublishedGradleVersions - Gradle version information cache is out-of-date. Trying to update.
2020-04-14 13:51:51,072 [Worker-27: Enabling Maven Dependency Management] INFO  o.e.m.c.i.l.LifecycleMappingFactory - Using org.eclipse.m2e.jdt.JarLifecycleMapping lifecycle mapping for MavenProject: A05_TabuSearch:A05_TabuSearch:0.0.1-SNAPSHOT @ C:\udemy\JavaUdemyAI\git-ws\java-ws\A05_TabuSearch\pom.xml.
2020-04-14 13:51:52,221 [Worker-29: Building workspace] WARN  o.e.m.c.i.embedder.EclipseLogger - Using platform encoding (Cp1252 actually) to copy filtered resources, i.e. build is platform dependent!
2020-04-14 13:51:52,226 [Worker-29: Building workspace] INFO  o.e.m.c.i.embedder.EclipseLogger - skip non existing resourceDirectory C:\udemy\JavaUdemyAI\git-ws\java-ws\A05_TabuSearch\src\main\resources
2020-04-14 13:51:52,228 [Worker-29: Building workspace] WARN  o.e.m.c.i.embedder.EclipseLogger - Using platform encoding (Cp1252 actually) to copy filtered resources, i.e. build is platform dependent!
2020-04-14 13:51:52,234 [Worker-29: Building workspace] INFO  o.e.m.c.i.embedder.EclipseLogger - skip non existing resourceDirectory C:\udemy\JavaUdemyAI\git-ws\java-ws\A05_TabuSearch\src\test\resources
2020-04-14 13:51:52,248 [Worker-27: Enabling Maven Dependency Management] INFO  o.e.m.j.i.AbstractJavaProjectConfigurator - Adding source folder /A05_TabuSearch/src
2020-04-14 13:51:52,249 [Worker-27: Enabling Maven Dependency Management] INFO  o.e.m.j.i.AbstractJavaProjectConfigurator - Not adding source folder /A05_TabuSearch/src/test/java because it overlaps with /A05_TabuSearch/src
2020-04-14 13:51:52,532 [Worker-27: Enabling Maven Dependency Management] INFO  o.e.m.c.i.p.ProjectConfigurationManager - Update started
2020-04-14 13:51:52,963 [Worker-27: Enabling Maven Dependency Management] INFO  o.e.m.c.i.l.LifecycleMappingFactory - Using org.eclipse.m2e.jdt.JarLifecycleMapping lifecycle mapping for MavenProject: A05_TabuSearch:A05_TabuSearch:0.0.1-SNAPSHOT @ C:\udemy\JavaUdemyAI\git-ws\java-ws\A05_TabuSearch\pom.xml.
2020-04-14 13:51:53,508 [Worker-27: Enabling Maven Dependency Management] INFO  o.e.m.j.i.AbstractJavaProjectConfigurator - Adding source folder /A05_TabuSearch/src
2020-04-14 13:51:53,524 [Worker-27: Enabling Maven Dependency Management] INFO  o.e.m.j.i.AbstractJavaProjectConfigurator - Not adding source folder /A05_TabuSearch/src/test/java because it overlaps with /A05_TabuSearch/src
2020-04-14 13:51:53,717 [Worker-27: Enabling Maven Dependency Management] INFO  o.e.m.c.i.p.ProjectConfigurationManager - Update completed: 1 sec
2020-04-14 13:51:53,975 [Worker-21: Building workspace] WARN  o.e.m.c.i.embedder.EclipseLogger - Using platform encoding (Cp1252 actually) to copy filtered resources, i.e. build is platform dependent!
2020-04-14 13:51:53,985 [Worker-21: Building workspace] INFO  o.e.m.c.i.embedder.EclipseLogger - skip non existing resourceDirectory C:\udemy\JavaUdemyAI\git-ws\java-ws\A05_TabuSearch\src\main\resources
2020-04-14 13:51:53,989 [Worker-21: Building workspace] WARN  o.e.m.c.i.embedder.EclipseLogger - Using platform encoding (Cp1252 actually) to copy filtered resources, i.e. build is platform dependent!
2020-04-14 13:51:53,994 [Worker-21: Building workspace] INFO  o.e.m.c.i.embedder.EclipseLogger - skip non existing resourceDirectory C:\udemy\JavaUdemyAI\git-ws\java-ws\A05_TabuSearch\src\test\resources
2020-04-14 13:52:57,757 [Worker-26: Building workspace] INFO  o.e.m.c.i.l.LifecycleMappingFactory - Using org.eclipse.m2e.jdt.JarLifecycleMapping lifecycle mapping for MavenProject: A05_TabuSearch:A05_TabuSearch:0.0.1-SNAPSHOT @ C:\udemy\JavaUdemyAI\git-ws\java-ws\A05_TabuSearch\pom.xml.
2020-04-14 13:52:57,985 [Worker-26: Building workspace] WARN  o.e.m.c.i.embedder.EclipseLogger - Using platform encoding (Cp1252 actually) to copy filtered resources, i.e. build is platform dependent!
2020-04-14 13:52:57,990 [Worker-26: Building workspace] INFO  o.e.m.c.i.embedder.EclipseLogger - skip non existing resourceDirectory C:\udemy\JavaUdemyAI\git-ws\java-ws\A05_TabuSearch\src\main\resources
2020-04-14 13:52:57,992 [Worker-26: Building workspace] WARN  o.e.m.c.i.embedder.EclipseLogger - Using platform encoding (Cp1252 actually) to copy filtered resources, i.e. build is platform dependent!
2020-04-14 13:52:57,998 [Worker-26: Building workspace] INFO  o.e.m.c.i.embedder.EclipseLogger - skip non existing resourceDirectory C:\udemy\JavaUdemyAI\git-ws\java-ws\A05_TabuSearch\src\test\resources
2020-04-14 13:52:59,133 [Worker-21: Building workspace] WARN  o.e.m.c.i.embedder.EclipseLogger - Using platform encoding (Cp1252 actually) to copy filtered resources, i.e. build is platform dependent!
2020-04-14 13:52:59,138 [Worker-21: Building workspace] INFO  o.e.m.c.i.embedder.EclipseLogger - skip non existing resourceDirectory C:\udemy\JavaUdemyAI\git-ws\java-ws\A05_TabuSearch\src\main\resources
2020-04-14 13:52:59,140 [Worker-21: Building workspace] WARN  o.e.m.c.i.embedder.EclipseLogger - Using platform encoding (Cp1252 actually) to copy filtered resources, i.e. build is platform dependent!
2020-04-14 13:52:59,158 [Worker-21: Building workspace] INFO  o.e.m.c.i.embedder.EclipseLogger - skip non existing resourceDirectory C:\udemy\JavaUdemyAI\git-ws\java-ws\A05_TabuSearch\src\test\resources
2020-04-14 13:53:09,971 [Worker-28: Updating Maven Project] INFO  o.e.m.c.i.p.ProjectConfigurationManager - Update started
2020-04-14 13:53:10,354 [Worker-28: Updating Maven Project] INFO  o.e.m.c.i.l.LifecycleMappingFactory - Using org.eclipse.m2e.jdt.JarLifecycleMapping lifecycle mapping for MavenProject: A05_TabuSearch:A05_TabuSearch:0.0.1-SNAPSHOT @ C:\udemy\JavaUdemyAI\git-ws\java-ws\A05_TabuSearch\pom.xml.
2020-04-14 13:53:10,534 [Worker-28: Updating Maven Project] INFO  o.e.m.j.i.AbstractJavaProjectConfigurator - Adding source folder /A05_TabuSearch/src
2020-04-14 13:53:10,535 [Worker-28: Updating Maven Project] INFO  o.e.m.j.i.AbstractJavaProjectConfigurator - Not adding source folder /A05_TabuSearch/src/test/java because it overlaps with /A05_TabuSearch/src
2020-04-14 13:53:10,650 [Worker-28: Updating Maven Project] INFO  o.e.m.c.i.p.ProjectConfigurationManager - Update completed: 0 sec
2020-04-14 13:53:10,806 [Worker-30: Building workspace] WARN  o.e.m.c.i.embedder.EclipseLogger - Using platform encoding (Cp1252 actually) to copy filtered resources, i.e. build is platform dependent!
2020-04-14 13:53:10,811 [Worker-30: Building workspace] INFO  o.e.m.c.i.embedder.EclipseLogger - skip non existing resourceDirectory C:\udemy\JavaUdemyAI\git-ws\java-ws\A05_TabuSearch\src\main\resources
2020-04-14 13:53:10,813 [Worker-30: Building workspace] WARN  o.e.m.c.i.embedder.EclipseLogger - Using platform encoding (Cp1252 actually) to copy filtered resources, i.e. build is platform dependent!
2020-04-14 13:53:10,818 [Worker-30: Building workspace] INFO  o.e.m.c.i.embedder.EclipseLogger - skip non existing resourceDirectory C:\udemy\JavaUdemyAI\git-ws\java-ws\A05_TabuSearch\src\test\resources
2020-04-14 13:54:13,972 [Worker-28: Building workspace] WARN  o.e.m.c.i.embedder.EclipseLogger - Using platform encoding (Cp1252 actually) to copy filtered resources, i.e. build is platform dependent!
2020-04-14 13:54:13,976 [Worker-28: Building workspace] INFO  o.e.m.c.i.embedder.EclipseLogger - skip non existing resourceDirectory C:\udemy\JavaUdemyAI\git-ws\java-ws\A05_TabuSearch\src\main\resources
2020-04-14 13:54:13,977 [Worker-28: Building workspace] WARN  o.e.m.c.i.embedder.EclipseLogger - Using platform encoding (Cp1252 actually) to copy filtered resources, i.e. build is platform dependent!
2020-04-14 13:54:13,982 [Worker-28: Building workspace] INFO  o.e.m.c.i.embedder.EclipseLogger - skip non existing resourceDirectory C:\udemy\JavaUdemyAI\git-ws\java-ws\A05_TabuSearch\src\test\resources
2020-04-14 13:55:25,015 [Worker-24: Building workspace] WARN  o.e.m.c.i.embedder.EclipseLogger - Using platform encoding (Cp1252 actually) to copy filtered resources, i.e. build is platform dependent!
2020-04-14 13:55:25,021 [Worker-24: Building workspace] INFO  o.e.m.c.i.embedder.EclipseLogger - skip non existing resourceDirectory C:\udemy\JavaUdemyAI\git-ws\java-ws\A05_TabuSearch\src\main\resources
2020-04-14 13:55:25,023 [Worker-24: Building workspace] WARN  o.e.m.c.i.embedder.EclipseLogger - Using platform encoding (Cp1252 actually) to copy filtered resources, i.e. build is platform dependent!
2020-04-14 13:55:25,027 [Worker-24: Building workspace] INFO  o.e.m.c.i.embedder.EclipseLogger - skip non existing resourceDirectory C:\udemy\JavaUdemyAI\git-ws\java-ws\A05_TabuSearch\src\test\resources
2020-04-14 13:59:28,166 [Worker-29: Building workspace] WARN  o.e.m.c.i.embedder.EclipseLogger - Using platform encoding (Cp1252 actually) to copy filtered resources, i.e. build is platform dependent!
2020-04-14 13:59:28,172 [Worker-29: Building workspace] INFO  o.e.m.c.i.embedder.EclipseLogger - skip non existing resourceDirectory C:\udemy\JavaUdemyAI\git-ws\java-ws\A05_TabuSearch\src\main\resources
2020-04-14 13:59:28,174 [Worker-29: Building workspace] WARN  o.e.m.c.i.embedder.EclipseLogger - Using platform encoding (Cp1252 actually) to copy filtered resources, i.e. build is platform dependent!
2020-04-14 13:59:28,179 [Worker-29: Building workspace] INFO  o.e.m.c.i.embedder.EclipseLogger - skip non existing resourceDirectory C:\udemy\JavaUdemyAI\git-ws\java-ws\A05_TabuSearch\src\test\resources
2020-04-14 14:04:47,876 [Worker-29: Building workspace] WARN  o.e.m.c.i.embedder.EclipseLogger - Using platform encoding (Cp1252 actually) to copy filtered resources, i.e. build is platform dependent!
2020-04-14 14:04:47,882 [Worker-29: Building workspace] INFO  o.e.m.c.i.embedder.EclipseLogger - skip non existing resourceDirectory C:\udemy\JavaUdemyAI\git-ws\java-ws\A05_TabuSearch\src\main\resources
2020-04-14 14:04:47,883 [Worker-29: Building workspace] WARN  o.e.m.c.i.embedder.EclipseLogger - Using platform encoding (Cp1252 actually) to copy filtered resources, i.e. build is platform dependent!
2020-04-14 14:04:47,887 [Worker-29: Building workspace] INFO  o.e.m.c.i.embedder.EclipseLogger - skip non existing resourceDirectory C:\udemy\JavaUdemyAI\git-ws\java-ws\A05_TabuSearch\src\test\resources
2020-04-14 14:07:22,948 [Worker-27: Building workspace] WARN  o.e.m.c.i.embedder.EclipseLogger - Using platform encoding (Cp1252 actually) to copy filtered resources, i.e. build is platform dependent!
2020-04-14 14:07:22,954 [Worker-27: Building workspace] INFO  o.e.m.c.i.embedder.EclipseLogger - skip non existing resourceDirectory C:\udemy\JavaUdemyAI\git-ws\java-ws\A05_TabuSearch\src\main\resources
2020-04-14 14:07:22,955 [Worker-27: Building workspace] WARN  o.e.m.c.i.embedder.EclipseLogger - Using platform encoding (Cp1252 actually) to copy filtered resources, i.e. build is platform dependent!
2020-04-14 14:07:22,961 [Worker-27: Building workspace] INFO  o.e.m.c.i.embedder.EclipseLogger - skip non existing resourceDirectory C:\udemy\JavaUdemyAI\git-ws\java-ws\A05_TabuSearch\src\test\resources
2020-04-14 14:16:29,766 [Worker-34: Building workspace] WARN  o.e.m.c.i.embedder.EclipseLogger - Using platform encoding (Cp1252 actually) to copy filtered resources, i.e. build is platform dependent!
2020-04-14 14:16:29,774 [Worker-34: Building workspace] INFO  o.e.m.c.i.embedder.EclipseLogger - skip non existing resourceDirectory C:\udemy\JavaUdemyAI\git-ws\java-ws\A05_TabuSearch\src\main\resources
2020-04-14 14:16:29,775 [Worker-34: Building workspace] WARN  o.e.m.c.i.embedder.EclipseLogger - Using platform encoding (Cp1252 actually) to copy filtered resources, i.e. build is platform dependent!
2020-04-14 14:16:29,782 [Worker-34: Building workspace] INFO  o.e.m.c.i.embedder.EclipseLogger - skip non existing resourceDirectory C:\udemy\JavaUdemyAI\git-ws\java-ws\A05_TabuSearch\src\test\resources
2020-04-14 14:17:11,794 [Worker-32: Building workspace] WARN  o.e.m.c.i.embedder.EclipseLogger - Using platform encoding (Cp1252 actually) to copy filtered resources, i.e. build is platform dependent!
2020-04-14 14:17:11,799 [Worker-32: Building workspace] INFO  o.e.m.c.i.embedder.EclipseLogger - skip non existing resourceDirectory C:\udemy\JavaUdemyAI\git-ws\java-ws\A05_TabuSearch\src\main\resources
2020-04-14 14:17:11,801 [Worker-32: Building workspace] WARN  o.e.m.c.i.embedder.EclipseLogger - Using platform encoding (Cp1252 actually) to copy filtered resources, i.e. build is platform dependent!
2020-04-14 14:17:11,807 [Worker-32: Building workspace] INFO  o.e.m.c.i.embedder.EclipseLogger - skip non existing resourceDirectory C:\udemy\JavaUdemyAI\git-ws\java-ws\A05_TabuSearch\src\test\resources
2020-04-14 14:17:24,397 [Worker-35: Building workspace] WARN  o.e.m.c.i.embedder.EclipseLogger - Using platform encoding (Cp1252 actually) to copy filtered resources, i.e. build is platform dependent!
2020-04-14 14:17:24,403 [Worker-35: Building workspace] INFO  o.e.m.c.i.embedder.EclipseLogger - skip non existing resourceDirectory C:\udemy\JavaUdemyAI\git-ws\java-ws\A05_TabuSearch\src\main\resources
2020-04-14 14:17:24,404 [Worker-35: Building workspace] WARN  o.e.m.c.i.embedder.EclipseLogger - Using platform encoding (Cp1252 actually) to copy filtered resources, i.e. build is platform dependent!
2020-04-14 14:17:24,409 [Worker-35: Building workspace] INFO  o.e.m.c.i.embedder.EclipseLogger - skip non existing resourceDirectory C:\udemy\JavaUdemyAI\git-ws\java-ws\A05_TabuSearch\src\test\resources
2020-04-14 14:26:12,502 [Worker-36: Building workspace] WARN  o.e.m.c.i.embedder.EclipseLogger - Using platform encoding (Cp1252 actually) to copy filtered resources, i.e. build is platform dependent!
2020-04-14 14:26:12,507 [Worker-36: Building workspace] INFO  o.e.m.c.i.embedder.EclipseLogger - skip non existing resourceDirectory C:\udemy\JavaUdemyAI\git-ws\java-ws\A05_TabuSearch\src\main\resources
2020-04-14 14:26:12,508 [Worker-36: Building workspace] WARN  o.e.m.c.i.embedder.EclipseLogger - Using platform encoding (Cp1252 actually) to copy filtered resources, i.e. build is platform dependent!
2020-04-14 14:26:12,513 [Worker-36: Building workspace] INFO  o.e.m.c.i.embedder.EclipseLogger - skip non existing resourceDirectory C:\udemy\JavaUdemyAI\git-ws\java-ws\A05_TabuSearch\src\test\resources
2020-04-14 14:30:48,054 [Worker-35: Building workspace] WARN  o.e.m.c.i.embedder.EclipseLogger - Using platform encoding (Cp1252 actually) to copy filtered resources, i.e. build is platform dependent!
2020-04-14 14:30:48,058 [Worker-35: Building workspace] INFO  o.e.m.c.i.embedder.EclipseLogger - skip non existing resourceDirectory C:\udemy\JavaUdemyAI\git-ws\java-ws\A05_TabuSearch\src\main\resources
2020-04-14 14:30:48,059 [Worker-35: Building workspace] WARN  o.e.m.c.i.embedder.EclipseLogger - Using platform encoding (Cp1252 actually) to copy filtered resources, i.e. build is platform dependent!
2020-04-14 14:30:48,064 [Worker-35: Building workspace] INFO  o.e.m.c.i.embedder.EclipseLogger - skip non existing resourceDirectory C:\udemy\JavaUdemyAI\git-ws\java-ws\A05_TabuSearch\src\test\resources
2020-04-14 14:33:40,493 [Worker-36: Building workspace] WARN  o.e.m.c.i.embedder.EclipseLogger - Using platform encoding (Cp1252 actually) to copy filtered resources, i.e. build is platform dependent!
2020-04-14 14:33:40,498 [Worker-36: Building workspace] INFO  o.e.m.c.i.embedder.EclipseLogger - skip non existing resourceDirectory C:\udemy\JavaUdemyAI\git-ws\java-ws\A05_TabuSearch\src\main\resources
2020-04-14 14:33:40,499 [Worker-36: Building workspace] WARN  o.e.m.c.i.embedder.EclipseLogger - Using platform encoding (Cp1252 actually) to copy filtered resources, i.e. build is platform dependent!
2020-04-14 14:33:40,506 [Worker-36: Building workspace] INFO  o.e.m.c.i.embedder.EclipseLogger - skip non existing resourceDirectory C:\udemy\JavaUdemyAI\git-ws\java-ws\A05_TabuSearch\src\test\resources
2020-04-14 14:34:19,729 [Worker-36: Building workspace] WARN  o.e.m.c.i.embedder.EclipseLogger - Using platform encoding (Cp1252 actually) to copy filtered resources, i.e. build is platform dependent!
2020-04-14 14:34:19,736 [Worker-36: Building workspace] INFO  o.e.m.c.i.embedder.EclipseLogger - skip non existing resourceDirectory C:\udemy\JavaUdemyAI\git-ws\java-ws\A05_TabuSearch\src\main\resources
2020-04-14 14:34:19,738 [Worker-36: Building workspace] WARN  o.e.m.c.i.embedder.EclipseLogger - Using platform encoding (Cp1252 actually) to copy filtered resources, i.e. build is platform dependent!
2020-04-14 14:34:19,744 [Worker-36: Building workspace] INFO  o.e.m.c.i.embedder.EclipseLogger - skip non existing resourceDirectory C:\udemy\JavaUdemyAI\git-ws\java-ws\A05_TabuSearch\src\test\resources
2020-04-14 14:44:07,444 [Worker-13: Loading available Gradle versions] INFO  o.e.b.c.i.u.g.PublishedGradleVersions - Gradle version information cache is up-to-date. Trying to read.
2020-04-14 14:44:09,377 [Worker-6: Launching TabuSearchApp] WARN  o.e.m.c.i.embedder.EclipseLogger - Using platform encoding (Cp1252 actually) to copy filtered resources, i.e. build is platform dependent!
2020-04-14 14:44:09,384 [Worker-6: Launching TabuSearchApp] INFO  o.e.m.c.i.embedder.EclipseLogger - skip non existing resourceDirectory C:\udemy\JavaUdemyAI\git-ws\java-ws\A05_TabuSearch\src\main\resources
2020-04-14 14:44:09,386 [Worker-6: Launching TabuSearchApp] WARN  o.e.m.c.i.embedder.EclipseLogger - Using platform encoding (Cp1252 actually) to copy filtered resources, i.e. build is platform dependent!
2020-04-14 14:44:09,392 [Worker-6: Launching TabuSearchApp] INFO  o.e.m.c.i.embedder.EclipseLogger - skip non existing resourceDirectory C:\udemy\JavaUdemyAI\git-ws\java-ws\A05_TabuSearch\src\test\resources
2020-04-14 14:46:31,768 [Worker-3: Building workspace] WARN  o.e.m.c.i.embedder.EclipseLogger - Using platform encoding (Cp1252 actually) to copy filtered resources, i.e. build is platform dependent!
2020-04-14 14:46:31,776 [Worker-3: Building workspace] INFO  o.e.m.c.i.embedder.EclipseLogger - skip non existing resourceDirectory C:\udemy\JavaUdemyAI\git-ws\java-ws\A05_TabuSearch\src\main\resources
2020-04-14 14:46:31,777 [Worker-3: Building workspace] WARN  o.e.m.c.i.embedder.EclipseLogger - Using platform encoding (Cp1252 actually) to copy filtered resources, i.e. build is platform dependent!
2020-04-14 14:46:31,784 [Worker-3: Building workspace] INFO  o.e.m.c.i.embedder.EclipseLogger - skip non existing resourceDirectory C:\udemy\JavaUdemyAI\git-ws\java-ws\A05_TabuSearch\src\test\resources
2020-04-14 14:48:43,177 [Worker-1: Building workspace] WARN  o.e.m.c.i.embedder.EclipseLogger - Using platform encoding (Cp1252 actually) to copy filtered resources, i.e. build is platform dependent!
2020-04-14 14:48:43,188 [Worker-1: Building workspace] INFO  o.e.m.c.i.embedder.EclipseLogger - skip non existing resourceDirectory C:\udemy\JavaUdemyAI\git-ws\java-ws\A05_TabuSearch\src\main\resources
2020-04-14 14:48:43,189 [Worker-1: Building workspace] WARN  o.e.m.c.i.embedder.EclipseLogger - Using platform encoding (Cp1252 actually) to copy filtered resources, i.e. build is platform dependent!
2020-04-14 14:48:43,196 [Worker-1: Building workspace] INFO  o.e.m.c.i.embedder.EclipseLogger - skip non existing resourceDirectory C:\udemy\JavaUdemyAI\git-ws\java-ws\A05_TabuSearch\src\test\resources
